<?xml version="1.0" encoding="UTF-8"?>
<!-- Generated by org.testng.reporters.JUnitReportReporter -->
<testsuite hostname="baljit-PC" name="com.test1.tests.TC100" tests="1" failures="0" timestamp="14 Jan 2016 02:59:18 GMT" time="12.570" errors="0">
  <testcase name="PeoplePageLoad" time="12.570" classname="com.test1.tests.TC100"/>
</testsuite> <!-- com.test1.tests.TC100 -->
